<?xml version="1.0" encoding="UTF-8"?>
<!-- Generated by org.testng.reporters.JUnitReportReporter -->
<testsuite skipped="0" hostname="WIN-NFDCINOH1RK" name="hdc2demos.Acc" tests="1" failures="0" timestamp="2020-02-05T05:05:29 UTC" time="10.220" errors="0">
  <testcase name="f" time="10.220" classname="hdc2demos.Acc"/>
</testsuite> <!-- hdc2demos.Acc -->
