<?xml version="1.0" encoding="UTF-8"?>
<!-- Generated by org.testng.reporters.JUnitReportReporter -->
<testsuite skipped="0" hostname="WIN-NFDCINOH1RK" name="hdc2demos.BeforeAll" tests="2" failures="0" timestamp="2020-02-06T09:56:51 UTC" time="1.985" errors="0">
  <testcase name="primemembership" time="0.000" classname="hdc2demos.BeforeAll"/>
  <testcase name="primemembership" time="1.985" classname="hdc2demos.BeforeAll"/>
</testsuite> <!-- hdc2demos.BeforeAll -->
