<?xml version="1.0" encoding="UTF-8"?>
<!-- Generated by org.testng.reporters.JUnitReportReporter -->
<testsuite skipped="0" hostname="WIN-NFDCINOH1RK" name="casestudy.Copy" tests="4" failures="0" timestamp="2020-02-11T06:54:11 UTC" time="32.352" errors="0">
  <testcase name="testRegistration" time="8.910" classname="casestudy.Copy"/>
  <testcase name="testLogin" time="9.365" classname="casestudy.Copy"/>
  <testcase name="testCart" time="2.686" classname="casestudy.Copy"/>
  <testcase name="testPayment" time="11.391" classname="casestudy.Copy"/>
</testsuite> <!-- casestudy.Copy -->
