<?xml version="1.0" encoding="UTF-8"?>
<!-- Generated by org.testng.reporters.JUnitReportReporter -->
<testsuite skipped="0" hostname="WIN-NFDCINOH1RK" name="hdc2demos.Annotations2" tests="3" failures="0" timestamp="2020-02-06T08:55:00 UTC" time="0.015" errors="0">
  <testcase name="register" time="0.000" classname="hdc2demos.Annotations2"/>
  <testcase name="login" time="0.015" classname="hdc2demos.Annotations2"/>
  <testcase name="deketingapost" time="0.000" classname="hdc2demos.Annotations2"/>
</testsuite> <!-- hdc2demos.Annotations2 -->
