<?xml version="1.0" encoding="UTF-8"?>
<!-- Generated by org.testng.reporters.JUnitReportReporter -->
<testsuite skipped="0" hostname="WIN-NFDCINOH1RK" name="hdc2demos.Windows" tests="1" failures="0" timestamp="2020-02-05T09:42:12 UTC" time="8.827" errors="0">
  <testcase name="f" time="8.827" classname="hdc2demos.Windows"/>
</testsuite> <!-- hdc2demos.Windows -->
