<?xml version="1.0" encoding="UTF-8"?>
<!-- Generated by org.testng.reporters.JUnitReportReporter -->
<testsuite skipped="0" hostname="WIN-NFDCINOH1RK" name="hdc2demos.SixthFeb" tests="1" failures="0" timestamp="2020-02-06T05:05:45 UTC" time="0.011" errors="0">
  <testcase name="fblogin" time="0.011" classname="hdc2demos.SixthFeb"/>
</testsuite> <!-- hdc2demos.SixthFeb -->
