<?xml version="1.0" encoding="UTF-8"?>
<!-- Generated by org.testng.reporters.JUnitReportReporter -->
<testsuite skipped="1" hostname="WIN-NFDCINOH1RK" name="hdc2demos.Alerts" tests="2" failures="0" timestamp="2020-02-05T07:30:58 UTC" time="4.795" errors="0">
  <testcase name="framedemo" time="4.795" classname="hdc2demos.Alerts"/>
  <testcase name="f" classname="hdc2demos.Alerts">
    <skipped/>
  </testcase> <!-- f -->
</testsuite> <!-- hdc2demos.Alerts -->
