<?xml version="1.0" encoding="UTF-8"?>
<!-- Generated by org.testng.reporters.JUnitReportReporter -->
<testsuite skipped="2" hostname="WIN-NFDCINOH1RK" name="hdc2demos.ExtentReportListener" tests="3" failures="0" timestamp="2020-02-07T09:18:01 UTC" time="0.031" errors="0">
  <testcase name="testCase1" time="0.031" classname="hdc2demos.ExtentReportListener"/>
  <testcase name="login" classname="hdc2demos.ExtentReportListener">
    <skipped/>
  </testcase> <!-- login -->
  <testcase name="testCase2" classname="hdc2demos.ExtentReportListener">
    <skipped/>
  </testcase> <!-- testCase2 -->
</testsuite> <!-- hdc2demos.ExtentReportListener -->
