<?xml version="1.0" encoding="UTF-8"?>
<!-- Generated by org.testng.reporters.JUnitReportReporter -->
<testsuite skipped="2" hostname="WIN-NFDCINOH1RK" name="hdc2demos.TestNgDemo1" tests="7" failures="0" timestamp="2020-02-06T09:43:20 UTC" time="0.000" errors="0">
  <testcase name="registeration" time="0.000" classname="hdc2demos.TestNgDemo1"/>
  <testcase name="registeration" time="0.000" classname="hdc2demos.TestNgDemo1"/>
  <testcase name="registeration" time="0.000" classname="hdc2demos.TestNgDemo1"/>
  <testcase name="registeration" time="0.000" classname="hdc2demos.TestNgDemo1"/>
  <testcase name="registeration" time="0.000" classname="hdc2demos.TestNgDemo1"/>
  <testcase name="login" classname="hdc2demos.TestNgDemo1">
    <skipped/>
  </testcase> <!-- login -->
  <testcase name="logout" classname="hdc2demos.TestNgDemo1">
    <skipped/>
  </testcase> <!-- logout -->
</testsuite> <!-- hdc2demos.TestNgDemo1 -->
