<?xml version="1.0" encoding="UTF-8"?>
<!-- Generated by org.testng.reporters.JUnitReportReporter -->
<testsuite skipped="0" hostname="WIN-NFDCINOH1RK" name="hdc2demos.ParameterGrouping" tests="3" failures="0" timestamp="2020-02-06T09:55:59 UTC" time="0.019" errors="0">
  <testcase name="renewal" time="0.000" classname="hdc2demos.ParameterGrouping"/>
  <testcase name="terminantion" time="0.000" classname="hdc2demos.ParameterGrouping"/>
  <testcase name="primemembership" time="0.019" classname="hdc2demos.ParameterGrouping"/>
</testsuite> <!-- hdc2demos.ParameterGrouping -->
