<?xml version="1.0" encoding="UTF-8"?>
<!-- Generated by org.testng.reporters.JUnitReportReporter -->
<testsuite skipped="1" hostname="WIN-NFDCINOH1RK" name="hdc2demos.Asserts" tests="2" failures="0" timestamp="2020-02-05T06:42:23 UTC" time="0.032" errors="0">
  <testcase name="softassert" time="0.032" classname="hdc2demos.Asserts"/>
  <testcase name="hardassert" classname="hdc2demos.Asserts">
    <skipped/>
  </testcase> <!-- hardassert -->
</testsuite> <!-- hdc2demos.Asserts -->
