<?xml version="1.0" encoding="UTF-8"?>
<!-- Generated by org.testng.reporters.JUnitReportReporter -->
<testsuite skipped="0" hostname="WIN-NFDCINOH1RK" name="hdc2demos.Grouping" tests="2" failures="0" timestamp="2020-02-06T06:27:27 UTC" time="0.016" errors="0">
  <testcase name="login" time="0.016" classname="hdc2demos.Grouping"/>
  <testcase name="registration" time="0.000" classname="hdc2demos.Grouping"/>
</testsuite> <!-- hdc2demos.Grouping -->
