<?xml version="1.0" encoding="UTF-8"?>
<!-- Generated by org.testng.reporters.JUnitReportReporter -->
<testsuite skipped="0" hostname="WIN-NFDCINOH1RK" name="hdc2demos.Handson3" tests="1" failures="0" timestamp="2020-02-06T05:05:45 UTC" time="5.448" errors="0">
  <testcase name="f" time="5.448" classname="hdc2demos.Handson3"/>
</testsuite> <!-- hdc2demos.Handson3 -->
