<?xml version="1.0" encoding="UTF-8"?>
<!-- Generated by org.testng.reporters.JUnitReportReporter -->
<testsuite skipped="0" hostname="WIN-NFDCINOH1RK" name="hdc2demos.Handson4" tests="1" failures="0" timestamp="2020-02-05T12:10:13 UTC" time="9.326" errors="0">
  <testcase name="follow" time="9.326" classname="hdc2demos.Handson4"/>
</testsuite> <!-- hdc2demos.Handson4 -->
